 INFO [main] (Log4jTeste.java:11) ­ INFO MSG
 WARN [main] (Log4jTeste.java:12) ­ WARN MSG
ERROR [main] (Log4jTeste.java:13) ­ ERROR MSG
FATAL [main] (Log4jTeste.java:14) ­ FATAL MSG
 INFO [main] (Version.java:37) ­ HCANN000001: Hibernate Commons Annotations {4.0.1.Final}
 INFO [main] (Version.java:41) ­ HHH000412: Hibernate Core {4.1.8.Final}
 INFO [main] (Environment.java:239) ­ HHH000206: hibernate.properties not found
 INFO [main] (Environment.java:342) ­ HHH000021: Bytecode provider name : javassist
 INFO [main] (Configuration.java:1933) ­ HHH000043: Configuring from resource: hibernate.cfg.xml
 INFO [main] (Configuration.java:1952) ­ HHH000040: Configuration resource: hibernate.cfg.xml
 INFO [main] (Version.java:37) ­ HCANN000001: Hibernate Commons Annotations {4.0.1.Final}
 INFO [main] (Version.java:41) ­ HHH000412: Hibernate Core {4.1.8.Final}
 INFO [main] (Environment.java:239) ­ HHH000206: hibernate.properties not found
 INFO [main] (Environment.java:342) ­ HHH000021: Bytecode provider name : javassist
 INFO [main] (Configuration.java:1933) ­ HHH000043: Configuring from resource: hibernate.cfg.xml
 INFO [main] (Configuration.java:1952) ­ HHH000040: Configuration resource: hibernate.cfg.xml
 WARN [main] (DTDEntityResolver.java:74) ­ HHH000223: Recognized obsolete hibernate namespace http://hibernate.sourceforge.net/. Use namespace http://www.hibernate.org/dtd/ instead. Refer to Hibernate 3.6 Migration Guide!
 INFO [main] (Configuration.java:2074) ­ HHH000041: Configured SessionFactory: null
 INFO [main] (DriverManagerConnectionProviderImpl.java:96) ­ HHH000402: Using Hibernate built-in connection pool (not for production use!)
 INFO [main] (DriverManagerConnectionProviderImpl.java:130) ­ HHH000115: Hibernate connection pool size: 20
 INFO [main] (DriverManagerConnectionProviderImpl.java:133) ­ HHH000006: Autocommit mode: false
 INFO [main] (DriverManagerConnectionProviderImpl.java:147) ­ HHH000401: using driver [org.postgresql.Driver] at URL [jdbc:postgresql://localhost:5432/scda]
 INFO [main] (DriverManagerConnectionProviderImpl.java:152) ­ HHH000046: Connection properties: {user=postgres, password=****}
 INFO [main] (Dialect.java:123) ­ HHH000400: Using dialect: org.hibernate.dialect.PostgreSQLDialect
 INFO [main] (LobCreatorBuilder.java:120) ­ HHH000424: Disabling contextual LOB creation as createClob() method threw error : java.lang.reflect.InvocationTargetException
 INFO [main] (TransactionFactoryInitiator.java:68) ­ HHH000399: Using default transaction strategy (direct JDBC transactions)
 INFO [main] (ASTQueryTranslatorFactory.java:48) ­ HHH000397: Using ASTQueryTranslatorFactory
 INFO [main] (SchemaUpdate.java:182) ­ HHH000228: Running hbm2ddl schema update
 INFO [main] (SchemaUpdate.java:193) ­ HHH000102: Fetching database metadata
 INFO [main] (SchemaUpdate.java:205) ­ HHH000396: Updating schema
 INFO [main] (TableMetadata.java:65) ­ HHH000261: Table found: public.roles
 INFO [main] (TableMetadata.java:66) ­ HHH000037: Columns: [role_description, role_id, description, perfil]
 INFO [main] (TableMetadata.java:68) ­ HHH000108: Foreign keys: []
 INFO [main] (TableMetadata.java:69) ­ HHH000126: Indexes: [roles_role_description_key, roles_pkey]
 INFO [main] (TableMetadata.java:65) ­ HHH000261: Table found: public.user_roles
 INFO [main] (TableMetadata.java:66) ­ HHH000037: Columns: [role_id, user_id]
 INFO [main] (TableMetadata.java:68) ­ HHH000108: Foreign keys: [fk734299492a427adb, fk734299498517b6fb]
 INFO [main] (TableMetadata.java:69) ­ HHH000126: Indexes: []
 INFO [main] (TableMetadata.java:65) ­ HHH000261: Table found: public.users
 INFO [main] (TableMetadata.java:66) ­ HHH000037: Columns: [status, nm_usuario, email, telefone, user_password, cpf, user_id, user_username]
 INFO [main] (TableMetadata.java:68) ­ HHH000108: Foreign keys: []
 INFO [main] (TableMetadata.java:69) ­ HHH000126: Indexes: [users_pkey, users_user_username_key]
 INFO [main] (SchemaUpdate.java:240) ­ HHH000232: Schema update complete
